Build started 12/22/2014 8:51:29 PM.
     1>Project "D:\Projects\TextBasedAdventure\TextBasedAdventure\TextBasedAdventure.vcxproj" on node 2 (Build target(s)).
     1>ClCompile:
         D:\Visual Studio 2013\VC\bin\CL.exe /c /I"D:\c++ Library\boost_1_57_0" /ZI /nologo /W3 /WX- /sdl /Od /Oy- /D WIN32 /D _DEBUG /D _CONSOLE /D _LIB /D _UNICODE /D UNICODE /D _SCL_SECURE_NO_WARNINGS /Gm /EHsc /RTC1 /MDd /GS /fp:precise /Zc:wchar_t /Zc:forScope /Fo"Debug\\" /Fd"Debug\vc120.pdb" /Gd /TP /analyze- /errorReport:prompt GameObject.cpp GameState.cpp Item.cpp ProcessInput.cpp Room.cpp Source.cpp
         GameState.cpp
         Generating Code...
         Skipping... (no relevant changes detected)
         Source.cpp
         Room.cpp
         ProcessInput.cpp
         Item.cpp
         GameObject.cpp
       Link:
         D:\Visual Studio 2013\VC\bin\link.exe /ERRORREPORT:PROMPT /OUT:"D:\Projects\TextBasedAdventure\Debug\TextBasedAdventure.exe" /INCREMENTAL /NOLOGO kernel32.lib user32.lib gdi32.lib winspool.lib comdlg32.lib advapi32.lib shell32.lib ole32.lib oleaut32.lib uuid.lib odbc32.lib odbccp32.lib /MANIFEST /MANIFESTUAC:"level='asInvoker' uiAccess='false'" /manifest:embed /DEBUG /PDB:"D:\Projects\TextBasedAdventure\Debug\TextBasedAdventure.pdb" /SUBSYSTEM:CONSOLE /TLBID:1 /DYNAMICBASE /NXCOMPAT /IMPLIB:"D:\Projects\TextBasedAdventure\Debug\TextBasedAdventure.lib" /MACHINE:X86 Debug\GameState.obj
         Debug\GameObject.obj
         Debug\Item.obj
         Debug\ProcessInput.obj
         Debug\Room.obj
         Debug\Source.obj
         TextBasedAdventure.vcxproj -> D:\Projects\TextBasedAdventure\Debug\TextBasedAdventure.exe
     1>Done Building Project "D:\Projects\TextBasedAdventure\TextBasedAdventure\TextBasedAdventure.vcxproj" (Build target(s)).

Build succeeded.

Time Elapsed 00:00:01.72
